[debug] [2022-06-09T10:45:02.823Z] ----------------------------------------------------------------------
[debug] [2022-06-09T10:45:02.832Z] Command:       C:\Program Files\nodejs\node.exe C:\Program Files\Nodist\bin\node_modules\firebase-tools\lib\bin\firebase.js init
[debug] [2022-06-09T10:45:02.833Z] CLI Version:   10.7.1
[debug] [2022-06-09T10:45:02.834Z] Platform:      win32
[debug] [2022-06-09T10:45:02.834Z] Node Version:  v14.16.0
[debug] [2022-06-09T10:45:03.006Z] Time:          Thu Jun 09 2022 11:45:02 GMT+0100 (West Africa Standard Time)
[debug] [2022-06-09T10:45:03.006Z] ----------------------------------------------------------------------
[debug] 
[debug] [2022-06-09T10:45:03.069Z] >>> [apiv2][query] GET https://firebase-public.firebaseio.com/cli.json [none]
[debug] [2022-06-09T10:45:03.374Z] > command requires scopes: ["email","openid","https://www.googleapis.com/auth/cloudplatformprojects.readonly","https://www.googleapis.com/auth/firebase","https://www.googleapis.com/auth/cloud-platform"]
[debug] [2022-06-09T10:45:03.374Z] > authorizing via signed-in user (taiwohusayn5@gmail.com)
[info] 
     ######## #### ########  ######## ########     ###     ######  ########
     ##        ##  ##     ## ##       ##     ##  ##   ##  ##       ##
     ######    ##  ########  ######   ########  #########  ######  ######
     ##        ##  ##    ##  ##       ##     ## ##     ##       ## ##
     ##       #### ##     ## ######## ########  ##     ##  ######  ########

You're about to initialize a Firebase project in this directory:

  C:\Users\Hatomusain\Desktop\Desktop_Icons\TMDB-movie

[debug] [2022-06-09T10:45:04.372Z] <<< [apiv2][status] GET https://firebase-public.firebaseio.com/cli.json 200
[debug] [2022-06-09T10:45:04.373Z] <<< [apiv2][body] GET https://firebase-public.firebaseio.com/cli.json {"cloudBuildErrorAfter":1594252800000,"cloudBuildWarnAfter":1590019200000,"defaultNode10After":1594252800000,"minVersion":"3.0.5","node8DeploysDisabledAfter":1613390400000,"node8RuntimeDisabledAfter":1615809600000,"node8WarnAfter":1600128000000}
